  main.cpp
D:\visual studio\C\计算思维课\最小差元素\最小差元素\main.cpp(16,8): warning C4244: “初始化”: 从“_Ty”转换到“int”，可能丢失数据
D:\visual studio\C\计算思维课\最小差元素\最小差元素\main.cpp(16,8): warning C4244:         with
D:\visual studio\C\计算思维课\最小差元素\最小差元素\main.cpp(16,8): warning C4244:         [
D:\visual studio\C\计算思维课\最小差元素\最小差元素\main.cpp(16,8): warning C4244:             _Ty=__int64
D:\visual studio\C\计算思维课\最小差元素\最小差元素\main.cpp(16,8): warning C4244:         ]
D:\visual studio\C\计算思维课\最小差元素\最小差元素\main.cpp(16,20): warning C4244: “初始化”: 从“_Ty”转换到“int”，可能丢失数据
D:\visual studio\C\计算思维课\最小差元素\最小差元素\main.cpp(16,20): warning C4244:         with
D:\visual studio\C\计算思维课\最小差元素\最小差元素\main.cpp(16,20): warning C4244:         [
D:\visual studio\C\计算思维课\最小差元素\最小差元素\main.cpp(16,20): warning C4244:             _Ty=__int64
D:\visual studio\C\计算思维课\最小差元素\最小差元素\main.cpp(16,20): warning C4244:         ]
D:\visual studio\C\计算思维课\最小差元素\最小差元素\main.cpp(22,17): warning C4244: “=”: 从“_Ty”转换到“int”，可能丢失数据
D:\visual studio\C\计算思维课\最小差元素\最小差元素\main.cpp(22,17): warning C4244:         with
D:\visual studio\C\计算思维课\最小差元素\最小差元素\main.cpp(22,17): warning C4244:         [
D:\visual studio\C\计算思维课\最小差元素\最小差元素\main.cpp(22,17): warning C4244:             _Ty=__int64
D:\visual studio\C\计算思维课\最小差元素\最小差元素\main.cpp(22,17): warning C4244:         ]
D:\visual studio\C\计算思维课\最小差元素\最小差元素\main.cpp(23,13): warning C4244: “=”: 从“_Ty”转换到“int”，可能丢失数据
D:\visual studio\C\计算思维课\最小差元素\最小差元素\main.cpp(23,13): warning C4244:         with
D:\visual studio\C\计算思维课\最小差元素\最小差元素\main.cpp(23,13): warning C4244:         [
D:\visual studio\C\计算思维课\最小差元素\最小差元素\main.cpp(23,13): warning C4244:             _Ty=__int64
D:\visual studio\C\计算思维课\最小差元素\最小差元素\main.cpp(23,13): warning C4244:         ]
  最小差元素.vcxproj -> D:\visual studio\C\计算思维课\最小差元素\x64\Debug\最小差元素.exe
